D:\WORKSTATION\GITHUB\EIGHTCHIP\EIGHTCHIP\DEBUG\EIGHTCHIP.PCH
D:\WORKSTATION\GITHUB\EIGHTCHIP\EIGHTCHIP\DEBUG\STDAFX.OBJ
D:\WORKSTATION\GITHUB\EIGHTCHIP\EIGHTCHIP\DEBUG\VC110.PDB
D:\WORKSTATION\GITHUB\EIGHTCHIP\EIGHTCHIP\DEBUG\EIGHTCHIPCPU.OBJ
D:\WORKSTATION\GITHUB\EIGHTCHIP\EIGHTCHIP\DEBUG\MAIN.OBJ
D:\WORKSTATION\GITHUB\EIGHTCHIP\DEBUG\EIGHTCHIP.ILK
D:\WORKSTATION\GITHUB\EIGHTCHIP\DEBUG\EIGHTCHIP.EXE
D:\WORKSTATION\GITHUB\EIGHTCHIP\DEBUG\EIGHTCHIP.PDB
D:\Workstation\GitHub\eightchip\EightChip\Debug\EightChipCPU.obj
D:\Workstation\GitHub\eightchip\EightChip\Debug\main.obj
D:\Workstation\GitHub\eightchip\EightChip\Debug\stdafx.obj
D:\Workstation\GitHub\eightchip\EightChip\Debug\cl.command.1.tlog
D:\Workstation\GitHub\eightchip\EightChip\Debug\CL.read.1.tlog
D:\Workstation\GitHub\eightchip\EightChip\Debug\CL.write.1.tlog
D:\Workstation\GitHub\eightchip\EightChip\Debug\link-cvtres.read.1.tlog
D:\Workstation\GitHub\eightchip\EightChip\Debug\link-cvtres.write.1.tlog
D:\Workstation\GitHub\eightchip\EightChip\Debug\link-rc.read.1.tlog
D:\Workstation\GitHub\eightchip\EightChip\Debug\link-rc.write.1.tlog
D:\Workstation\GitHub\eightchip\EightChip\Debug\link.command.1.tlog
D:\Workstation\GitHub\eightchip\EightChip\Debug\link.read.1.tlog
D:\Workstation\GitHub\eightchip\EightChip\Debug\link.write.1.tlog
D:\Workstation\GitHub\eightchip\EightChip\Debug\EightChip.pch
D:\Workstation\GitHub\eightchip\EightChip\Debug\vc110.idb
D:\Workstation\GitHub\eightchip\EightChip\Debug\vc110.pdb
D:\Workstation\GitHub\eightchip\Debug\EightChip.pdb
D:\Workstation\GitHub\eightchip\Debug\EightChip.exe
D:\Workstation\GitHub\eightchip\Debug\EightChip.ilk
